TN:
SF:src/components/ui/button-variants.ts
FNF:0
FNH:0
DA:1,0
DA:3,0
LF:2
LH:0
BRF:0
BRH:0
end_of_record
TN:
SF:src/hooks/usePrices.ts
FN:12,(anonymous_7)
FN:12,(anonymous_8)
FN:20,(anonymous_9)
FN:27,(anonymous_10)
FN:33,(anonymous_11)
FN:42,(anonymous_12)
FN:50,(anonymous_13)
FNF:7
FNH:7
FNDA:8,(anonymous_7)
FNDA:8,(anonymous_8)
FNDA:15,(anonymous_9)
FNDA:13,(anonymous_10)
FNDA:17,(anonymous_11)
FNDA:12,(anonymous_12)
FNDA:13,(anonymous_13)
DA:1,1
DA:2,1
DA:10,1
DA:12,8
DA:13,8
DA:14,7
DA:15,1
DA:17,6
DA:20,1
DA:21,15
DA:27,15
DA:28,13
DA:30,5
DA:33,5
DA:34,17
DA:35,17
DA:36,15
DA:41,5
DA:42,5
DA:43,12
DA:46,5
DA:50,15
DA:51,13
DA:54,15
LF:24
LH:24
BRDA:14,0,0,1
BRDA:14,0,1,6
BRDA:28,1,0,8
BRDA:28,1,1,5
BRDA:35,2,0,15
BRDA:35,2,1,2
BRDA:35,3,0,17
BRDA:35,3,1,5
BRF:8
BRH:8
end_of_record
TN:
SF:src/lib/utils.ts
FN:4,cn
FNF:1
FNH:1
FNDA:7,cn
DA:1,1
DA:2,1
DA:4,1
DA:5,7
LF:4
LH:4
BRF:0
BRH:0
end_of_record
TN:
SF:src/utils/currency.ts
FN:1,(anonymous_0)
FN:5,(anonymous_1)
FN:9,(anonymous_2)
FN:29,(anonymous_3)
FN:34,(anonymous_4)
FNF:5
FNH:5
FNDA:4,(anonymous_0)
FNDA:1,(anonymous_1)
FNDA:18,(anonymous_2)
FNDA:29,(anonymous_3)
FNDA:28,(anonymous_4)
DA:1,1
DA:2,4
DA:5,1
DA:6,1
DA:9,1
DA:11,18
DA:14,18
DA:15,18
DA:16,2
DA:20,18
DA:21,10
DA:22,10
DA:23,10
DA:25,8
DA:29,1
DA:30,29
DA:31,29
DA:34,1
DA:35,28
DA:36,2
DA:40,26
DA:41,3
DA:45,23
DA:46,3
DA:50,20
DA:51,20
DA:52,3
DA:56,17
DA:57,17
DA:58,1
DA:62,16
DA:63,16
DA:64,16
DA:65,2
DA:68,14
LF:35
LH:35
BRDA:15,0,0,2
BRDA:15,0,1,16
BRDA:20,1,0,10
BRDA:20,1,1,8
BRDA:31,2,0,29
BRDA:31,2,1,5
BRDA:35,3,0,2
BRDA:35,3,1,26
BRDA:35,4,0,28
BRDA:35,4,1,27
BRDA:40,5,0,3
BRDA:40,5,1,23
BRDA:45,6,0,3
BRDA:45,6,1,20
BRDA:51,7,0,3
BRDA:51,7,1,17
BRDA:51,8,0,20
BRDA:51,8,1,7
BRDA:57,9,0,1
BRDA:57,9,1,16
BRDA:62,10,0,16
BRDA:62,10,1,9
BRDA:63,11,0,16
BRDA:63,11,1,0
BRDA:64,12,0,2
BRDA:64,12,1,14
BRDA:64,13,0,16
BRDA:64,13,1,7
BRDA:64,13,2,4
BRF:29
BRH:28
end_of_record
